<?xml version="1.0" encoding="UTF-8"?>
<!-- Generated by org.testng.reporters.JUnitReportReporter -->
<testsuite hostname="NAVEENKUMARAN" failures="0" tests="5" name="com.hotelbooking.tests.BookingTest" time="11.464" errors="0" timestamp="2025-02-15T11:42:02 IST" skipped="2">
  <testcase classname="com.hotelbooking.tests.BookingTest" name="createBookingId" time="5.863"/>
  <system-out/>
  <testcase classname="com.hotelbooking.tests.BookingTest" name="getBookingId" time="2.173"/>
  <system-out/>
  <testcase classname="com.hotelbooking.tests.BookingTest" name="deleteBookingId" time="3.428"/>
  <system-out/>
  <testcase classname="com.hotelbooking.tests.BookingTest" name="partialUpdateBookingId">
    <skipped/>
  </testcase> <!-- partialUpdateBookingId -->
  <system-out/>
  <testcase classname="com.hotelbooking.tests.BookingTest" name="updateBookingId">
    <skipped/>
  </testcase> <!-- updateBookingId -->
  <system-out/>
</testsuite> <!-- com.hotelbooking.tests.BookingTest -->
