<?xml version="1.0" encoding="UTF-8"?>
<!-- Generated by org.testng.reporters.JUnitReportReporter -->
<testsuite hostname="NAVEENKUMARAN" failures="0" tests="1" name="com.goRestUser.tests.UserTest" time="1.525" errors="0" timestamp="2024-12-31T19:48:29 IST" skipped="0">
  <testcase classname="com.goRestUser.tests.UserTest" name="createUser" time="1.525"/>
  <system-out/>
</testsuite> <!-- com.goRestUser.tests.UserTest -->
