<?xml version="1.0" encoding="UTF-8"?>
<!-- Generated by org.testng.reporters.JUnitReportReporter -->
<testsuite hostname="NAVEENKUMARAN" failures="0" tests="1" name="common.HealthCheckTest" time="2.570" errors="0" timestamp="2024-12-31T19:26:46 IST" skipped="0">
  <testcase classname="common.HealthCheckTest" name="healthCheck" time="2.570"/>
  <system-out/>
</testsuite> <!-- common.HealthCheckTest -->
